<?xml version="1.0" encoding="UTF-8"?>
<!-- Generated by org.testng.reporters.JUnitXMLReporter -->
<testsuite hostname="DESKTOP-08P06U8" ignored="0" name="Default test" tests="3" failures="0" timestamp="2020-03-29T16:52:52 CEST" time="26.58" errors="0">
  <testcase name="addToCartTest" time="6.488" classname="tests.CartTest"/>
  <testcase name="totalCostTest" time="0.346" classname="tests.CartTest"/>
  <testcase name="clearCookiesTest" time="4.062" classname="tests.CartTest"/>
</testsuite> <!-- Default test -->
