<?xml version="1.0" encoding="UTF-8"?>
<!-- Generated by org.testng.reporters.JUnitXMLReporter -->
<testsuite hostname="DESKTOP-08P06U8" ignored="0" name="EdgeTest" tests="9" failures="0" timestamp="2020-04-01T01:08:37 CEST" time="306.372" errors="0">
  <testcase name="enterTest" time="1.252" classname="tests.EnterStoreTest"/>
  <testcase name="linkToRightPageTest" time="1.873" classname="tests.PetStoreMenuTest"/>
  <testcase name="topMenuContentTest" time="1.377" classname="tests.PetStoreMenuTest"/>
  <testcase name="verifyUrlTest" time="30.154" classname="tests.PetStoreMenuTest"/>
  <testcase name="fillInFormTest" time="170.02" classname="tests.RegistrationTest"/>
  <testcase name="SignInTest" time="40.015" classname="tests.SignInTest"/>
  <testcase name="addToCartTest" time="4.977" classname="tests.CartTest"/>
  <testcase name="totalCostTest" time="0.261" classname="tests.CartTest"/>
  <testcase name="clearCookiesTest" time="4.328" classname="tests.CartTest"/>
</testsuite> <!-- EdgeTest -->
