<?xml version="1.0" encoding="UTF-8"?>
<!-- Generated by org.testng.reporters.JUnitXMLReporter -->
<testsuite hostname="DESKTOP-08P06U8" ignored="0" name="FirefoxTest" tests="9" failures="0" timestamp="2020-04-01T01:03:31 CEST" time="235.921" errors="0">
  <testcase name="enterTest" time="1.159" classname="tests.EnterStoreTest"/>
  <testcase name="linkToRightPageTest" time="1.557" classname="tests.PetStoreMenuTest"/>
  <testcase name="topMenuContentTest" time="1.074" classname="tests.PetStoreMenuTest"/>
  <testcase name="verifyUrlTest" time="30.05" classname="tests.PetStoreMenuTest"/>
  <testcase name="fillInFormTest" time="120.826" classname="tests.RegistrationTest"/>
  <testcase name="SignInTest" time="26.474" classname="tests.SignInTest"/>
  <testcase name="addToCartTest" time="4.006" classname="tests.CartTest"/>
  <testcase name="totalCostTest" time="0.146" classname="tests.CartTest"/>
  <testcase name="clearCookiesTest" time="4.053" classname="tests.CartTest"/>
</testsuite> <!-- FirefoxTest -->
