<?xml version="1.0" encoding="UTF-8"?>
<!-- Generated by org.testng.reporters.JUnitXMLReporter -->
<testsuite hostname="DESKTOP-08P06U8" ignored="0" name="Regression" tests="9" failures="0" timestamp="2020-03-31T19:23:42 CEST" time="522.156" errors="0">
  <testcase name="enterTest" time="2.256" classname="tests.EnterStoreTest"/>
  <testcase name="linkToRightPageTest" time="5.07" classname="tests.PetStoreMenuTest"/>
  <testcase name="topMenuContentTest" time="2.667" classname="tests.PetStoreMenuTest"/>
  <testcase name="verifyUrlTest" time="90.263" classname="tests.PetStoreMenuTest"/>
  <testcase name="fillInFormTest" time="281.008" classname="tests.RegistrationTest"/>
  <testcase name="FillInFormTest" time="62.874" classname="tests.SignInTest"/>
  <testcase name="addToCartTest" time="7.318" classname="tests.CartTest"/>
  <testcase name="totalCostTest" time="0.37" classname="tests.CartTest"/>
  <testcase name="clearCookiesTest" time="5.893" classname="tests.CartTest"/>
</testsuite> <!-- Regression -->
